0 silly argv {
0 silly argv   _: [ 'create' ],
0 silly argv   lernaVersion: '3.20.2',
0 silly argv   '$0': 'node_modules/.bin/lerna',
0 silly argv   name: 'newP',
0 silly argv   loc: 'Button'
0 silly argv }
1 notice cli v3.20.2
2 verbose rootPath /Users/miguelcoelho/work/poc_diana
3 info versioning independent
4 notice 

 [ '/Users/miguelcoelho/work/poc_diana/packages' ] Button newP
5 warn ENOREMOTE No git remote found, skipping repository property
6 error Error: canceled
6 error     at Interface.<anonymous> (/Users/miguelcoelho/work/poc_diana/node_modules/read/lib/read.js:66:13)
6 error     at Interface.emit (events.js:223:5)
6 error     at Interface._ttyWrite (readline.js:885:16)
6 error     at ReadStream.onkeypress (readline.js:191:10)
6 error     at ReadStream.emit (events.js:223:5)
6 error     at emitKeys (internal/readline/utils.js:433:14)
6 error     at emitKeys.next (<anonymous>)
6 error     at ReadStream.onData (readline.js:1151:36)
6 error     at ReadStream.emit (events.js:223:5)
6 error     at addChunk (_stream_readable.js:309:12)
6 error     at readableAddChunk (_stream_readable.js:290:11)
6 error     at ReadStream.Readable.push (_stream_readable.js:224:10)
